Mono path[0] = 'F:/SteamLibrary/steamapps/common/Casualties Unknown Demo/CasualtiesUnknown_Data/Managed'
Mono config path = 'F:/SteamLibrary/steamapps/common/Casualties Unknown Demo/MonoBleedingEdge/etc'
Fallback handler could not load library F:/SteamLibrary/steamapps/common/Casualties Unknown Demo/CasualtiesUnknown_Data/MonoBleedingEdge/data-0000026495CB8000.dll
Fallback handler could not load library F:/SteamLibrary/steamapps/common/Casualties Unknown Demo/CasualtiesUnknown_Data/MonoBleedingEdge/data-00000264972FD010.dll
Fallback handler could not load library F:/SteamLibrary/steamapps/common/Casualties Unknown Demo/CasualtiesUnknown_Data/MonoBleedingEdge/data-000002649B8BF040.dll
Input System module state changed to: Initialized.
[PhysX] Initialized MultithreadedTaskDispatcher with 6 workers.
Initialize engine version: 2022.3.62f3 (96770f904ca7)
[Subsystems] Discovering subsystems at path F:/SteamLibrary/steamapps/common/Casualties Unknown Demo/CasualtiesUnknown_Data/UnitySubsystems
GfxDevice: creating device client; threaded=1; jobified=1
Direct3D:
    Version:  Direct3D 11.0 [level 11.1]
    Renderer: Intel(R) UHD Graphics 630 (ID=0x3e92)
    Vendor:   Intel
    VRAM:     12230 MB
    Driver:   27.20.100.8783
Begin MonoManager ReloadAssembly
- Loaded All Assemblies, in  0.080 seconds
- Finished resetting the current domain, in  0.001 seconds
<RI> Initializing input.
<RI> Input initialized.
<RI> Initialized touch support.
[Message:   BepInEx] BepInEx 5.4.23.4 - CasualtiesUnknown (2026/4/24 17:44:24)
[Info   :   BepInEx] Running under Unity v2022.3.62.9860879
[Info   :   BepInEx] CLR runtime version: 4.0.30319.42000
[Info   :   BepInEx] Supports SRE: True
[Info   :   BepInEx] System platform: Bits64, Windows
[Message:   BepInEx] Preloader started
[Info   :   BepInEx] Loaded 1 patcher method from [BepInEx.Preloader 5.4.23.4]
[Info   :   BepInEx] Loaded 1 patcher method from [autoupdater_patcher 1.0.0.0]
[Info   :   BepInEx] 2 patcher plugins loaded
[Info   :   BepInEx] Patching [UnityEngine.CoreModule] with [BepInEx.Chainloader]
[Info   :   BepInEx] Patching [Assembly-CSharp] with [autoupdater_patcher.AutoUpdaterPatcher]
[Message:   BepInEx] Preloader finished
[Message:   BepInEx] Chainloader ready
[Message:   BepInEx] Chainloader started
[Info   :   BepInEx] 4 plugins to load
[Info   :   BepInEx] Loading [Antiquantum 1.0.0]
[Error  :   BepInEx] Could not load [Custom Fungame Pack 1.1.1] because it has missing dependencies: ExplosiveHydra.MossLib
[Info   :   BepInEx] Loading [Moss Lib 1.1.1]
[Info   :  Moss Lib] Loaded language file: zh-CN.json
[Info   :  Moss Lib] Loaded language file: EN.json
[Info   :  Moss Lib] Language files loaded successfully - Current language: zh-CN
[Info   :  Moss Lib] === Starting localization file generation ===
[Info   :  Moss Lib] [LocaleGenerator] Generating language file for: EnLangGenerator
[Info   :  Moss Lib] [EN] ✓ Added 1 new entries to: F:\SteamLibrary\steamapps\common\Casualties Unknown Demo\BepInEx\plugins\Moss Lib\Lang\EN.json
[Info   :  Moss Lib] [LocaleGenerator] Successfully generated: EnLangGenerator
[Info   :  Moss Lib] [LocaleGenerator] Generating language file for: ZhCnLangGenerator
[Info   :  Moss Lib] [zh-CN] ✓ Added 1 new entries to: F:\SteamLibrary\steamapps\common\Casualties Unknown Demo\BepInEx\plugins\Moss Lib\Lang\zh-CN.json
[Info   :  Moss Lib] [LocaleGenerator] Successfully generated: ZhCnLangGenerator
[Info   :  Moss Lib] [LocaleGenerator] Generating language file for: ZhTwLangGenerator
[Info   :  Moss Lib] [zh-TW] ✓ Added 1 new entries to: F:\SteamLibrary\steamapps\common\Casualties Unknown Demo\BepInEx\plugins\Moss Lib\Lang\zh-TW.json
[Info   :  Moss Lib] [LocaleGenerator] Successfully generated: ZhTwLangGenerator
[Info   :  Moss Lib] === Generation complete! Success: 3, Failed: 0, Total: 3 ===
[Info   :   BepInEx] Loading [Moss Template 1.1.1]
[Info   :Moss Template] Moss Template loaded!
[Message:   BepInEx] Chainloader startup complete
[PhysX] Initialized MultithreadedTaskDispatcher with 6 workers.
UnloadTime: 0.701800 ms
Input System module state changed to: ShutdownInProgress.
Input System polling thread exited.
Input System module state changed to: Shutdown.
Memory Statistics:
[ALLOC_TEMP_TLS] TLS Allocator
  StackAllocators : 
    [ALLOC_TEMP_MAIN]
      Peak usage frame count: [4.0 KB-8.0 KB]: 120 frames, [8.0 KB-16.0 KB]: 29 frames, [0.5 MB-1.0 MB]: 1 frames, [2.0 MB-4.0 MB]: 1 frames
      Initial Block Size 4.0 MB
      Current Block Size 4.0 MB
      Peak Allocated Bytes 2.1 MB
      Overflow Count 0
    [ALLOC_TEMP_Loading.AsyncRead]
      Initial Block Size 64.0 KB
      Current Block Size 64.0 KB
      Peak Allocated Bytes 333 B
      Overflow Count 0
    [ALLOC_TEMP_Loading.PreloadManager]
      Initial Block Size 256.0 KB
      Current Block Size 256.0 KB
      Peak Allocated Bytes 50.7 KB
      Overflow Count 4
    [ALLOC_TEMP_Background Job.Worker 8]
      Initial Block Size 32.0 KB
      Current Block Size 32.0 KB
      Peak Allocated Bytes 54 B
      Overflow Count 0
    [ALLOC_TEMP_Background Job.Worker 9]
      Initial Block Size 32.0 KB
      Current Block Size 32.0 KB
      Peak Allocated Bytes 54 B
      Overflow Count 0
    [ALLOC_TEMP_Job.Worker 0]
      Initial Block Size 256.0 KB
      Current Block Size 256.0 KB
      Peak Allocated Bytes 9.3 KB
      Overflow Count 0
    [ALLOC_TEMP_Background Job.Worker 10]
      Initial Block Size 32.0 KB
      Current Block Size 32.0 KB
      Peak Allocated Bytes 54 B
      Overflow Count 0
    [ALLOC_TEMP_Background Job.Worker 14]
      Initial Block Size 32.0 KB
      Current Block Size 32.0 KB
      Peak Allocated Bytes 54 B
      Overflow Count 0
    [ALLOC_TEMP_Background Job.Worker 6]
      Initial Block Size 32.0 KB
      Current Block Size 32.0 KB
      Peak Allocated Bytes 54 B
      Overflow Count 0
    [ALLOC_TEMP_Job.Worker 4]
      Initial Block Size 256.0 KB
      Current Block Size 256.0 KB
      Peak Allocated Bytes 60.7 KB
      Overflow Count 0
    [ALLOC_TEMP_Job.Worker 3]
      Initial Block Size 256.0 KB
      Current Block Size 256.0 KB
      Peak Allocated Bytes 60.7 KB
      Overflow Count 0
    [ALLOC_TEMP_Background Job.Worker 12]
      Initial Block Size 32.0 KB
      Current Block Size 32.0 KB
      Peak Allocated Bytes 54 B
      Overflow Count 0
    [ALLOC_TEMP_EnlightenWorker] x 6
      Initial Block Size 64.0 KB
      Current Block Size 64.0 KB
      Peak Allocated Bytes 54 B
      Overflow Count 0
    [ALLOC_TEMP_Background Job.Worker 15]
      Initial Block Size 32.0 KB
      Current Block Size 32.0 KB
      Peak Allocated Bytes 54 B
      Overflow Count 0
    [ALLOC_TEMP_Background Job.Worker 1]
      Initial Block Size 32.0 KB
      Current Block Size 32.0 KB
      Peak Allocated Bytes 54 B
      Overflow Count 0
    [ALLOC_TEMP_Background Job.Worker 2]
      Initial Block Size 32.0 KB
      Current Block Size 32.0 KB
      Peak Allocated Bytes 54 B
      Overflow Count 0
    [ALLOC_TEMP_Background Job.Worker 7]
      Initial Block Size 32.0 KB
      Current Block Size 32.0 KB
      Peak Allocated Bytes 54 B
      Overflow Count 0
    [ALLOC_TEMP_UnityGfxDeviceWorker]
      Initial Block Size 256.0 KB
      Current Block Size 256.0 KB
      Peak Allocated Bytes 26.8 KB
      Overflow Count 0
    [ALLOC_TEMP_AssetGarbageCollectorHelper] x 5
      Initial Block Size 64.0 KB
      Current Block Size 64.0 KB
      Peak Allocated Bytes 138 B
      Overflow Count 0
    [ALLOC_TEMP_Background Job.Worker 5]
      Initial Block Size 32.0 KB
      Current Block Size 32.0 KB
      Peak Allocated Bytes 54 B
      Overflow Count 0
    [ALLOC_TEMP_Background Job.Worker 13]
      Initial Block Size 32.0 KB
      Current Block Size 32.0 KB
      Peak Allocated Bytes 54 B
      Overflow Count 0
    [ALLOC_TEMP_Job.Worker 1]
      Initial Block Size 256.0 KB
      Current Block Size 256.0 KB
      Peak Allocated Bytes 60.7 KB
      Overflow Count 0
    [ALLOC_TEMP_Job.Worker 2]
      Initial Block Size 256.0 KB
      Current Block Size 256.0 KB
      Peak Allocated Bytes 60.7 KB
      Overflow Count 0
    [ALLOC_TEMP_Background Job.Worker 3]
      Initial Block Size 32.0 KB
      Current Block Size 32.0 KB
      Peak Allocated Bytes 54 B
      Overflow Count 0
    [ALLOC_TEMP_Background Job.Worker 11]
      Initial Block Size 32.0 KB
      Current Block Size 32.0 KB
      Peak Allocated Bytes 54 B
      Overflow Count 0
    [ALLOC_TEMP_Background Job.Worker 0]
      Initial Block Size 32.0 KB
      Current Block Size 32.0 KB
      Peak Allocated Bytes 54 B
      Overflow Count 0
    [ALLOC_TEMP_Background Job.Worker 4]
      Initial Block Size 32.0 KB
      Current Block Size 32.0 KB
      Peak Allocated Bytes 54 B
      Overflow Count 0
    [ALLOC_TEMP_BatchDeleteObjects]
      Initial Block Size 64.0 KB
      Current Block Size 64.0 KB
      Peak Allocated Bytes 54 B
      Overflow Count 0
[ALLOC_DEFAULT] Dual Thread Allocator
  Peak main deferred allocation count 1035
    [ALLOC_BUCKET]
      Large Block size 4.0 MB
      Used Block count 1
      Peak Allocated bytes 4.0 MB
      Failed Allocations. Bucket layout:
        16B: 15 Subsections = 15360 buckets. Failed count: 3009
        32B: 26 Subsections = 13312 buckets. Failed count: 1760
        48B: 30 Subsections = 10240 buckets. Failed count: 2139
        64B: 93 Subsections = 23808 buckets. Failed count: 13886
        80B: 36 Subsections = 7372 buckets. Failed count: 341
        96B: 17 Subsections = 2901 buckets. Failed count: 348
        112B: 15 Subsections = 2194 buckets. Failed count: 48
        128B: 24 Subsections = 3072 buckets. Failed count: 286
    [ALLOC_DEFAULT_MAIN]
      Peak usage frame count: [16.0 MB-32.0 MB]: 121 frames, [32.0 MB-64.0 MB]: 30 frames
      Requested Block Size 16.0 MB
      Peak Block count 3
      Peak Allocated memory 43.9 MB
      Peak Large allocation bytes 8.0 MB
    [ALLOC_DEFAULT_THREAD]
      Peak usage frame count: [16.0 MB-32.0 MB]: 151 frames
      Requested Block Size 16.0 MB
      Peak Block count 1
      Peak Allocated memory 21.8 MB
      Peak Large allocation bytes 16.0 MB
[ALLOC_TEMP_JOB_1_FRAME]
  Initial Block Size 2.0 MB
  Used Block Count 0
  Overflow Count (too large) 0
  Overflow Count (full) 0
[ALLOC_TEMP_JOB_2_FRAMES]
  Initial Block Size 2.0 MB
  Used Block Count 0
  Overflow Count (too large) 0
  Overflow Count (full) 0
[ALLOC_TEMP_JOB_4_FRAMES (JobTemp)]
  Initial Block Size 2.0 MB
  Used Block Count 1
  Overflow Count (too large) 0
  Overflow Count (full) 0
[ALLOC_TEMP_JOB_ASYNC (Background)]
  Initial Block Size 1.0 MB
  Used Block Count 1
  Overflow Count (too large) 0
  Overflow Count (full) 0
[ALLOC_GFX] Dual Thread Allocator
  Peak main deferred allocation count 2
    [ALLOC_BUCKET]
      Large Block size 4.0 MB
      Used Block count 1
      Peak Allocated bytes 4.0 MB
      Failed Allocations. Bucket layout:
        16B: 15 Subsections = 15360 buckets. Failed count: 3009
        32B: 26 Subsections = 13312 buckets. Failed count: 1760
        48B: 30 Subsections = 10240 buckets. Failed count: 2139
        64B: 93 Subsections = 23808 buckets. Failed count: 13886
        80B: 36 Subsections = 7372 buckets. Failed count: 341
        96B: 17 Subsections = 2901 buckets. Failed count: 348
        112B: 15 Subsections = 2194 buckets. Failed count: 48
        128B: 24 Subsections = 3072 buckets. Failed count: 286
    [ALLOC_GFX_MAIN]
      Peak usage frame count: [16.0 MB-32.0 MB]: 121 frames, [32.0 MB-64.0 MB]: 30 frames
      Requested Block Size 16.0 MB
      Peak Block count 3
      Peak Allocated memory 39.9 MB
      Peak Large allocation bytes 0 B
    [ALLOC_GFX_THREAD]
      Peak usage frame count: [64.0 MB-128.0 MB]: 151 frames
      Requested Block Size 16.0 MB
      Peak Block count 6
      Peak Allocated memory 88.0 MB
      Peak Large allocation bytes 0 B
[ALLOC_CACHEOBJECTS] Dual Thread Allocator
  Peak main deferred allocation count 0
    [ALLOC_BUCKET]
      Large Block size 4.0 MB
      Used Block count 1
      Peak Allocated bytes 4.0 MB
      Failed Allocations. Bucket layout:
        16B: 15 Subsections = 15360 buckets. Failed count: 3009
        32B: 26 Subsections = 13312 buckets. Failed count: 1760
        48B: 30 Subsections = 10240 buckets. Failed count: 2139
        64B: 93 Subsections = 23808 buckets. Failed count: 13886
        80B: 36 Subsections = 7372 buckets. Failed count: 341
        96B: 17 Subsections = 2901 buckets. Failed count: 348
        112B: 15 Subsections = 2194 buckets. Failed count: 48
        128B: 24 Subsections = 3072 buckets. Failed count: 286
    [ALLOC_CACHEOBJECTS_MAIN]
      Peak usage frame count: [16.0 MB-32.0 MB]: 151 frames
      Requested Block Size 4.0 MB
      Peak Block count 5
      Peak Allocated memory 22.8 MB
      Peak Large allocation bytes 5.1 MB
    [ALLOC_CACHEOBJECTS_THREAD]
      Peak usage frame count: [256.0 KB-0.5 MB]: 150 frames, [0.5 MB-1.0 MB]: 1 frames
      Requested Block Size 4.0 MB
      Peak Block count 1
      Peak Allocated memory 0.8 MB
      Peak Large allocation bytes 0 B
[ALLOC_TYPETREE] Dual Thread Allocator
  Peak main deferred allocation count 0
    [ALLOC_BUCKET]
      Large Block size 4.0 MB
      Used Block count 1
      Peak Allocated bytes 4.0 MB
      Failed Allocations. Bucket layout:
        16B: 15 Subsections = 15360 buckets. Failed count: 3009
        32B: 26 Subsections = 13312 buckets. Failed count: 1760
        48B: 30 Subsections = 10240 buckets. Failed count: 2139
        64B: 93 Subsections = 23808 buckets. Failed count: 13886
        80B: 36 Subsections = 7372 buckets. Failed count: 341
        96B: 17 Subsections = 2901 buckets. Failed count: 348
        112B: 15 Subsections = 2194 buckets. Failed count: 48
        128B: 24 Subsections = 3072 buckets. Failed count: 286
    [ALLOC_TYPETREE_MAIN]
      Peak usage frame count: [8.0 KB-16.0 KB]: 151 frames
      Requested Block Size 2.0 MB
      Peak Block count 1
      Peak Allocated memory 15.1 KB
      Peak Large allocation bytes 0 B
    [ALLOC_TYPETREE_THREAD]
      Peak usage frame count: [4.0 KB-8.0 KB]: 151 frames
      Requested Block Size 2.0 MB
      Peak Block count 1
      Peak Allocated memory 7.1 KB
      Peak Large allocation bytes 0 B
